Info: Starting: Create HDL design files for synthesis
Info: qsys-generate /home/estape/Documents/AII-EDJ/ProyectoI/ARM_NIOS/de1_arm_nios.qsys --synthesis=VHDL --output-directory=/home/estape/Documents/AII-EDJ/ProyectoI/ARM_NIOS/de1_arm_nios/synthesis --family="Cyclone V" --part=5CSEMA5F31C6
Progress: Loading ARM_NIOS/de1_arm_nios.qsys
Progress: Reading input file
Progress: Adding clk_0 [clock_source 18.1]
Progress: Parameterizing module clk_0
Progress: Adding hps_0 [altera_hps 18.1]
Progress: Parameterizing module hps_0
Progress: Adding jtag_uart_0 [altera_avalon_jtag_uart 18.1]
Progress: Parameterizing module jtag_uart_0
Progress: Adding leds [altera_avalon_pio 18.1]
Progress: Parameterizing module leds
Progress: Adding nios2_gen2_0 [altera_nios2_gen2 18.1]
Progress: Parameterizing module nios2_gen2_0
Progress: Adding onchip_memory2_0 [altera_avalon_onchip_memory2 18.1]
Progress: Parameterizing module onchip_memory2_0
Progress: Adding pll_0 [altera_pll 18.1]
Progress: Parameterizing module pll_0
Progress: Adding sdram_controller_0 [altera_avalon_new_sdram_controller 18.1]
Progress: Parameterizing module sdram_controller_0
Progress: Adding sysid [altera_avalon_sysid_qsys 18.1]
Progress: Parameterizing module sysid
Progress: Building connections
Progress: Parameterizing connections
Progress: Validating
Progress: Done reading input file
Info: de1_arm_nios.hps_0: HPS Main PLL counter settings: n = 0  m = 73
Info: de1_arm_nios.hps_0: HPS peripherial PLL counter settings: n = 0  m = 39
Warning: de1_arm_nios.hps_0: "Configuration/HPS-to-FPGA user 0 clock frequency" (desired_cfg_clk_mhz) requested 100.0 MHz, but only achieved 97.368421 MHz
Warning: de1_arm_nios.hps_0: "QSPI clock frequency" (desired_qspi_clk_mhz) requested 400.0 MHz, but only achieved 370.0 MHz
Warning: de1_arm_nios.hps_0: 1 or more output clock frequencies cannot be achieved precisely, consider revising desired output clock frequencies.
Info: de1_arm_nios.jtag_uart_0: JTAG UART IP input clock need to be at least double (2x) the operating frequency of JTAG TCK on board
Info: de1_arm_nios.pll_0: The legal reference clock frequency is 5.0 MHz..800.0 MHz
Warning: de1_arm_nios.pll_0: Able to implement PLL - Actual settings differ from Requested settings
Info: de1_arm_nios.sdram_controller_0: SDRAM Controller will only be supported in Quartus Prime Standard Edition in the future release.
Info: de1_arm_nios.sysid: System ID is not assigned automatically. Edit the System ID parameter to provide a unique ID
Info: de1_arm_nios.sysid: Time stamp will be automatically updated when this component is generated.
Info: de1_arm_nios: Generating de1_arm_nios "de1_arm_nios" for QUARTUS_SYNTH
Info: Inserting clock-crossing logic between cmd_demux.src0 and cmd_mux.sink0
Info: Inserting clock-crossing logic between cmd_demux.src1 and cmd_mux_001.sink0
Info: Inserting clock-crossing logic between cmd_demux.src4 and cmd_mux_004.sink0
Info: Inserting clock-crossing logic between cmd_demux_001.src0 and cmd_mux_001.sink1
Info: Inserting clock-crossing logic between rsp_demux.src0 and rsp_mux.sink0
Info: Inserting clock-crossing logic between rsp_demux_001.src0 and rsp_mux.sink1
Info: Inserting clock-crossing logic between rsp_demux_001.src1 and rsp_mux_001.sink0
Info: Inserting clock-crossing logic between rsp_demux_004.src0 and rsp_mux.sink4
Info: hps_0: "Running  for module: hps_0"
Info: hps_0: HPS Main PLL counter settings: n = 0  m = 73
Info: hps_0: HPS peripherial PLL counter settings: n = 0  m = 39
Warning: hps_0: "Configuration/HPS-to-FPGA user 0 clock frequency" (desired_cfg_clk_mhz) requested 100.0 MHz, but only achieved 97.368421 MHz
Warning: hps_0: "QSPI clock frequency" (desired_qspi_clk_mhz) requested 400.0 MHz, but only achieved 370.0 MHz
Warning: hps_0: 1 or more output clock frequencies cannot be achieved precisely, consider revising desired output clock frequencies.
Info: hps_0: "de1_arm_nios" instantiated altera_hps "hps_0"
Info: jtag_uart_0: Starting RTL generation for module 'de1_arm_nios_jtag_uart_0'
Info: jtag_uart_0:   Generation command is [exec /home/estape/intelFPGA_lite/18.1/quartus/linux64/perl/bin/perl -I /home/estape/intelFPGA_lite/18.1/quartus/linux64/perl/lib -I /home/estape/intelFPGA_lite/18.1/quartus/sopc_builder/bin/europa -I /home/estape/intelFPGA_lite/18.1/quartus/sopc_builder/bin/perl_lib -I /home/estape/intelFPGA_lite/18.1/quartus/sopc_builder/bin -I /home/estape/intelFPGA_lite/18.1/quartus/../ip/altera/sopc_builder_ip/common -I /home/estape/intelFPGA_lite/18.1/quartus/../ip/altera/sopc_builder_ip/altera_avalon_jtag_uart -- /home/estape/intelFPGA_lite/18.1/quartus/../ip/altera/sopc_builder_ip/altera_avalon_jtag_uart/generate_rtl.pl --name=de1_arm_nios_jtag_uart_0 --dir=/tmp/alt7980_1426405603365322464.dir/0002_jtag_uart_0_gen/ --quartus_dir=/home/estape/intelFPGA_lite/18.1/quartus --verilog --config=/tmp/alt7980_1426405603365322464.dir/0002_jtag_uart_0_gen//de1_arm_nios_jtag_uart_0_component_configuration.pl  --do_build_sim=0  ]
Info: jtag_uart_0: Done RTL generation for module 'de1_arm_nios_jtag_uart_0'
Info: jtag_uart_0: "de1_arm_nios" instantiated altera_avalon_jtag_uart "jtag_uart_0"
Info: leds: Starting RTL generation for module 'de1_arm_nios_leds'
Info: leds:   Generation command is [exec /home/estape/intelFPGA_lite/18.1/quartus/linux64/perl/bin/perl -I /home/estape/intelFPGA_lite/18.1/quartus/linux64/perl/lib -I /home/estape/intelFPGA_lite/18.1/quartus/sopc_builder/bin/europa -I /home/estape/intelFPGA_lite/18.1/quartus/sopc_builder/bin/perl_lib -I /home/estape/intelFPGA_lite/18.1/quartus/sopc_builder/bin -I /home/estape/intelFPGA_lite/18.1/quartus/../ip/altera/sopc_builder_ip/common -I /home/estape/intelFPGA_lite/18.1/quartus/../ip/altera/sopc_builder_ip/altera_avalon_pio -- /home/estape/intelFPGA_lite/18.1/quartus/../ip/altera/sopc_builder_ip/altera_avalon_pio/generate_rtl.pl --name=de1_arm_nios_leds --dir=/tmp/alt7980_1426405603365322464.dir/0003_leds_gen/ --quartus_dir=/home/estape/intelFPGA_lite/18.1/quartus --verilog --config=/tmp/alt7980_1426405603365322464.dir/0003_leds_gen//de1_arm_nios_leds_component_configuration.pl  --do_build_sim=0  ]
Info: leds: Done RTL generation for module 'de1_arm_nios_leds'
Info: leds: "de1_arm_nios" instantiated altera_avalon_pio "leds"
Info: nios2_gen2_0: "de1_arm_nios" instantiated altera_nios2_gen2 "nios2_gen2_0"
Info: onchip_memory2_0: Starting RTL generation for module 'de1_arm_nios_onchip_memory2_0'
Info: onchip_memory2_0:   Generation command is [exec /home/estape/intelFPGA_lite/18.1/quartus/linux64/perl/bin/perl -I /home/estape/intelFPGA_lite/18.1/quartus/linux64/perl/lib -I /home/estape/intelFPGA_lite/18.1/quartus/sopc_builder/bin/europa -I /home/estape/intelFPGA_lite/18.1/quartus/sopc_builder/bin/perl_lib -I /home/estape/intelFPGA_lite/18.1/quartus/sopc_builder/bin -I /home/estape/intelFPGA_lite/18.1/quartus/../ip/altera/sopc_builder_ip/common -I /home/estape/intelFPGA_lite/18.1/quartus/../ip/altera/sopc_builder_ip/altera_avalon_onchip_memory2 -- /home/estape/intelFPGA_lite/18.1/quartus/../ip/altera/sopc_builder_ip/altera_avalon_onchip_memory2/generate_rtl.pl --name=de1_arm_nios_onchip_memory2_0 --dir=/tmp/alt7980_1426405603365322464.dir/0004_onchip_memory2_0_gen/ --quartus_dir=/home/estape/intelFPGA_lite/18.1/quartus --verilog --config=/tmp/alt7980_1426405603365322464.dir/0004_onchip_memory2_0_gen//de1_arm_nios_onchip_memory2_0_component_configuration.pl  --do_build_sim=0  ]
Info: onchip_memory2_0: Done RTL generation for module 'de1_arm_nios_onchip_memory2_0'
Info: onchip_memory2_0: "de1_arm_nios" instantiated altera_avalon_onchip_memory2 "onchip_memory2_0"
Info: pll_0: "de1_arm_nios" instantiated altera_pll "pll_0"
Info: sdram_controller_0: Starting RTL generation for module 'de1_arm_nios_sdram_controller_0'
Info: sdram_controller_0:   Generation command is [exec /home/estape/intelFPGA_lite/18.1/quartus/linux64/perl/bin/perl -I /home/estape/intelFPGA_lite/18.1/quartus/linux64/perl/lib -I /home/estape/intelFPGA_lite/18.1/quartus/sopc_builder/bin/europa -I /home/estape/intelFPGA_lite/18.1/quartus/sopc_builder/bin/perl_lib -I /home/estape/intelFPGA_lite/18.1/quartus/sopc_builder/bin -I /home/estape/intelFPGA_lite/18.1/quartus/../ip/altera/sopc_builder_ip/common -I /home/estape/intelFPGA_lite/18.1/quartus/../ip/altera/sopc_builder_ip/altera_avalon_new_sdram_controller -- /home/estape/intelFPGA_lite/18.1/quartus/../ip/altera/sopc_builder_ip/altera_avalon_new_sdram_controller/generate_rtl.pl --name=de1_arm_nios_sdram_controller_0 --dir=/tmp/alt7980_1426405603365322464.dir/0006_sdram_controller_0_gen/ --quartus_dir=/home/estape/intelFPGA_lite/18.1/quartus --verilog --config=/tmp/alt7980_1426405603365322464.dir/0006_sdram_controller_0_gen//de1_arm_nios_sdram_controller_0_component_configuration.pl  --do_build_sim=0  ]
Info: sdram_controller_0: Done RTL generation for module 'de1_arm_nios_sdram_controller_0'
Info: sdram_controller_0: "de1_arm_nios" instantiated altera_avalon_new_sdram_controller "sdram_controller_0"
Info: sysid: "de1_arm_nios" instantiated altera_avalon_sysid_qsys "sysid"
Info: avalon_st_adapter: Inserting error_adapter: error_adapter_0
Info: avalon_st_adapter_001: Inserting error_adapter: error_adapter_0
Info: avalon_st_adapter_002: Inserting error_adapter: error_adapter_0
Info: avalon_st_adapter_003: Inserting error_adapter: error_adapter_0
Info: avalon_st_adapter_004: Inserting error_adapter: error_adapter_0
Info: avalon_st_adapter_005: Inserting error_adapter: error_adapter_0
Info: mm_interconnect_0: "de1_arm_nios" instantiated altera_mm_interconnect "mm_interconnect_0"
Info: irq_mapper: "de1_arm_nios" instantiated altera_irq_mapper "irq_mapper"
Info: irq_synchronizer: "de1_arm_nios" instantiated altera_irq_clock_crosser "irq_synchronizer"
Info: rst_controller: "de1_arm_nios" instantiated altera_reset_controller "rst_controller"
Info: fpga_interfaces: "hps_0" instantiated altera_interface_generator "fpga_interfaces"
Info: hps_io: "hps_0" instantiated altera_hps_io "hps_io"
Info: cpu: Starting RTL generation for module 'de1_arm_nios_nios2_gen2_0_cpu'
Info: cpu:   Generation command is [exec /home/estape/intelFPGA_lite/18.1/quartus/linux64//eperlcmd -I /home/estape/intelFPGA_lite/18.1/quartus/linux64//perl/lib -I /home/estape/intelFPGA_lite/18.1/quartus/sopc_builder/bin/europa -I /home/estape/intelFPGA_lite/18.1/quartus/sopc_builder/bin/perl_lib -I /home/estape/intelFPGA_lite/18.1/quartus/sopc_builder/bin -I /home/estape/intelFPGA_lite/18.1/quartus/../ip/altera/nios2_ip/altera_nios2_gen2/cpu_lib -I /home/estape/intelFPGA_lite/18.1/quartus/../ip/altera/nios2_ip/altera_nios2_gen2/nios_lib -I /home/estape/intelFPGA_lite/18.1/quartus/../ip/altera/nios2_ip/altera_nios2_gen2 -I /home/estape/intelFPGA_lite/18.1/quartus/../ip/altera/nios2_ip/altera_nios2_gen2 -- /home/estape/intelFPGA_lite/18.1/quartus/../ip/altera/nios2_ip/altera_nios2_gen2/generate_rtl.epl --name=de1_arm_nios_nios2_gen2_0_cpu --dir=/tmp/alt7980_1426405603365322464.dir/0012_cpu_gen/ --quartus_bindir=/home/estape/intelFPGA_lite/18.1/quartus/linux64/ --verilog --config=/tmp/alt7980_1426405603365322464.dir/0012_cpu_gen//de1_arm_nios_nios2_gen2_0_cpu_processor_configuration.pl  --do_build_sim=0  ]
Info: cpu: # 2019.03.24 23:48:01 (*) Starting Nios II generation
Info: cpu: # 2019.03.24 23:48:01 (*)   Checking for plaintext license.
Info: cpu: # 2019.03.24 23:48:01 (*)   Couldn't query license setup in Quartus directory /home/estape/intelFPGA_lite/18.1/quartus/linux64/
Info: cpu: # 2019.03.24 23:48:01 (*)   Defaulting to contents of LM_LICENSE_FILE environment variable
Info: cpu: # 2019.03.24 23:48:01 (*)   LM_LICENSE_FILE environment variable is empty
Info: cpu: # 2019.03.24 23:48:01 (*)   Plaintext license not found.
Info: cpu: # 2019.03.24 23:48:01 (*)   No license required to generate encrypted Nios II/e.
Info: cpu: # 2019.03.24 23:48:01 (*)   Elaborating CPU configuration settings
Info: cpu: # 2019.03.24 23:48:02 (*)   Creating all objects for CPU
Info: cpu: # 2019.03.24 23:48:03 (*)   Generating RTL from CPU objects
Info: cpu: # 2019.03.24 23:48:03 (*)   Creating plain-text RTL
Info: cpu: # 2019.03.24 23:48:03 (*) Done Nios II generation
Info: cpu: Done RTL generation for module 'de1_arm_nios_nios2_gen2_0_cpu'
Info: cpu: "nios2_gen2_0" instantiated altera_nios2_gen2_unit "cpu"
Info: nios2_gen2_0_data_master_translator: "mm_interconnect_0" instantiated altera_merlin_master_translator "nios2_gen2_0_data_master_translator"
Info: jtag_uart_0_avalon_jtag_slave_translator: "mm_interconnect_0" instantiated altera_merlin_slave_translator "jtag_uart_0_avalon_jtag_slave_translator"
Info: nios2_gen2_0_data_master_agent: "mm_interconnect_0" instantiated altera_merlin_master_agent "nios2_gen2_0_data_master_agent"
Info: hps_0_h2f_lw_axi_master_agent: "mm_interconnect_0" instantiated altera_merlin_axi_master_ni "hps_0_h2f_lw_axi_master_agent"
Info: jtag_uart_0_avalon_jtag_slave_agent: "mm_interconnect_0" instantiated altera_merlin_slave_agent "jtag_uart_0_avalon_jtag_slave_agent"
Info: jtag_uart_0_avalon_jtag_slave_agent_rsp_fifo: "mm_interconnect_0" instantiated altera_avalon_sc_fifo "jtag_uart_0_avalon_jtag_slave_agent_rsp_fifo"
Info: router: "mm_interconnect_0" instantiated altera_merlin_router "router"
Info: router_001: "mm_interconnect_0" instantiated altera_merlin_router "router_001"
Info: router_002: "mm_interconnect_0" instantiated altera_merlin_router "router_002"
Info: router_004: "mm_interconnect_0" instantiated altera_merlin_router "router_004"
Info: router_006: "mm_interconnect_0" instantiated altera_merlin_router "router_006"
Info: router_007: "mm_interconnect_0" instantiated altera_merlin_router "router_007"
Info: router_009: "mm_interconnect_0" instantiated altera_merlin_router "router_009"
Info: router_010: "mm_interconnect_0" instantiated altera_merlin_router "router_010"
Info: sdram_controller_0_s1_burst_adapter: "mm_interconnect_0" instantiated altera_merlin_burst_adapter "sdram_controller_0_s1_burst_adapter"
Info: Reusing file /home/estape/Documents/AII-EDJ/ProyectoI/ARM_NIOS/de1_arm_nios/synthesis/submodules/altera_merlin_address_alignment.sv
Info: cmd_demux: "mm_interconnect_0" instantiated altera_merlin_demultiplexer "cmd_demux"
Info: cmd_demux_001: "mm_interconnect_0" instantiated altera_merlin_demultiplexer "cmd_demux_001"
Info: cmd_demux_002: "mm_interconnect_0" instantiated altera_merlin_demultiplexer "cmd_demux_002"
Info: cmd_demux_004: "mm_interconnect_0" instantiated altera_merlin_demultiplexer "cmd_demux_004"
Info: cmd_mux: "mm_interconnect_0" instantiated altera_merlin_multiplexer "cmd_mux"
Info: cmd_mux_001: "mm_interconnect_0" instantiated altera_merlin_multiplexer "cmd_mux_001"
Info: Reusing file /home/estape/Documents/AII-EDJ/ProyectoI/ARM_NIOS/de1_arm_nios/synthesis/submodules/altera_merlin_arbitrator.sv
Info: cmd_mux_003: "mm_interconnect_0" instantiated altera_merlin_multiplexer "cmd_mux_003"
Info: Reusing file /home/estape/Documents/AII-EDJ/ProyectoI/ARM_NIOS/de1_arm_nios/synthesis/submodules/altera_merlin_arbitrator.sv
Info: rsp_demux_001: "mm_interconnect_0" instantiated altera_merlin_demultiplexer "rsp_demux_001"
Info: rsp_demux_002: "mm_interconnect_0" instantiated altera_merlin_demultiplexer "rsp_demux_002"
Info: rsp_demux_004: "mm_interconnect_0" instantiated altera_merlin_demultiplexer "rsp_demux_004"
Info: rsp_mux: "mm_interconnect_0" instantiated altera_merlin_multiplexer "rsp_mux"
Info: Reusing file /home/estape/Documents/AII-EDJ/ProyectoI/ARM_NIOS/de1_arm_nios/synthesis/submodules/altera_merlin_arbitrator.sv
Info: rsp_mux_001: "mm_interconnect_0" instantiated altera_merlin_multiplexer "rsp_mux_001"
Info: Reusing file /home/estape/Documents/AII-EDJ/ProyectoI/ARM_NIOS/de1_arm_nios/synthesis/submodules/altera_merlin_arbitrator.sv
Info: rsp_mux_002: "mm_interconnect_0" instantiated altera_merlin_multiplexer "rsp_mux_002"
Info: Reusing file /home/estape/Documents/AII-EDJ/ProyectoI/ARM_NIOS/de1_arm_nios/synthesis/submodules/altera_merlin_arbitrator.sv
Info: sdram_controller_0_s1_rsp_width_adapter: "mm_interconnect_0" instantiated altera_merlin_width_adapter "sdram_controller_0_s1_rsp_width_adapter"
Info: Reusing file /home/estape/Documents/AII-EDJ/ProyectoI/ARM_NIOS/de1_arm_nios/synthesis/submodules/altera_merlin_address_alignment.sv
Info: Reusing file /home/estape/Documents/AII-EDJ/ProyectoI/ARM_NIOS/de1_arm_nios/synthesis/submodules/altera_merlin_burst_uncompressor.sv
Info: crosser: "mm_interconnect_0" instantiated altera_avalon_st_handshake_clock_crosser "crosser"
Info: Reusing file /home/estape/Documents/AII-EDJ/ProyectoI/ARM_NIOS/de1_arm_nios/synthesis/submodules/altera_avalon_st_pipeline_base.v
Info: avalon_st_adapter: "mm_interconnect_0" instantiated altera_avalon_st_adapter "avalon_st_adapter"
Info: avalon_st_adapter_003: "mm_interconnect_0" instantiated altera_avalon_st_adapter "avalon_st_adapter_003"
Info: border: "hps_io" instantiated altera_interface_generator "border"
Info: error_adapter_0: "avalon_st_adapter" instantiated error_adapter "error_adapter_0"
Info: error_adapter_0: "avalon_st_adapter_003" instantiated error_adapter "error_adapter_0"
Info: de1_arm_nios: Done "de1_arm_nios" with 51 modules, 124 files
Info: qsys-generate succeeded.
Info: Finished: Create HDL design files for synthesis
